<?xml version="1.0" encoding="UTF-8"?>
<testng-results skipped="0" failed="0" ignored="0" total="1" passed="1">
  <reporter-output>
  </reporter-output>
  <suite name="Default suite" duration-ms="63" started-at="2020-02-04T19:17:34Z" finished-at="2020-02-04T19:17:34Z">
    <groups>
    </groups>
    <test name="Default test" duration-ms="63" started-at="2020-02-04T19:17:34Z" finished-at="2020-02-04T19:17:34Z">
      <class name="com.revaturelabs.ask.AskApplicationModelTests">
        <test-method status="PASS" signature="ModelEqualsAndHashTests()[pri:0, instance:com.revaturelabs.ask.AskApplicationModelTests@69379752]" name="ModelEqualsAndHashTests" duration-ms="33" started-at="2020-02-04T19:17:34Z" finished-at="2020-02-04T19:17:34Z">
          <reporter-output>
          </reporter-output>
        </test-method> <!-- ModelEqualsAndHashTests -->
      </class> <!-- com.revaturelabs.ask.AskApplicationModelTests -->
    </test> <!-- Default test -->
  </suite> <!-- Default suite -->
</testng-results>
